2023-10-26 03:21:06.268 [INFO] cdw.springtraining.gatekeeper.GatekeeperApplicationTests [main] Starting GatekeeperApplicationTests using Java 20.0.2 with PID 27783 (started by maamathikrishnan in /Users/maamathikrishnan/Documents/Domain Training/SpringFinal/gatekeeper)
2023-10-26 03:21:06.271 [INFO] cdw.springtraining.gatekeeper.GatekeeperApplicationTests [main] No active profile set, falling back to 1 default profile: "default"
2023-10-26 03:21:06.523 [INFO] org.springframework.data.repository.config.RepositoryConfigurationDelegate [main] Bootstrapping Spring Data JPA repositories in DEFAULT mode.
2023-10-26 03:21:06.552 [INFO] org.springframework.data.repository.config.RepositoryConfigurationDelegate [main] Finished Spring Data repository scanning in 26 ms. Found 5 JPA repository interfaces.
2023-10-26 03:21:06.843 [INFO] org.hibernate.jpa.internal.util.LogHelper [main] HHH000204: Processing PersistenceUnitInfo [name: default]
2023-10-26 03:21:06.861 [INFO] org.hibernate.Version [main] HHH000412: Hibernate ORM core version 6.2.9.Final
2023-10-26 03:21:06.862 [INFO] org.hibernate.cfg.Environment [main] HHH000406: Using bytecode reflection optimizer
2023-10-26 03:21:06.923 [INFO] org.hibernate.bytecode.internal.BytecodeProviderInitiator [main] HHH000021: Bytecode provider name : bytebuddy
2023-10-26 03:21:06.975 [INFO] org.springframework.orm.jpa.persistenceunit.SpringPersistenceUnitInfo [main] No LoadTimeWeaver setup: ignoring JPA class transformer
2023-10-26 03:21:06.981 [INFO] com.zaxxer.hikari.HikariDataSource [main] HikariPool-1 - Starting...
2023-10-26 03:21:07.153 [INFO] com.zaxxer.hikari.pool.HikariPool [main] HikariPool-1 - Added connection com.mysql.cj.jdbc.ConnectionImpl@224e6e88
2023-10-26 03:21:07.154 [INFO] com.zaxxer.hikari.HikariDataSource [main] HikariPool-1 - Start completed.
2023-10-26 03:21:07.266 [INFO] org.hibernate.bytecode.internal.BytecodeProviderInitiator [main] HHH000021: Bytecode provider name : bytebuddy
2023-10-26 03:21:07.577 [INFO] org.hibernate.engine.transaction.jta.platform.internal.JtaPlatformInitiator [main] HHH000490: Using JtaPlatform implementation: [org.hibernate.engine.transaction.jta.platform.internal.NoJtaPlatform]
2023-10-26 03:21:07.646 [INFO] org.springframework.orm.jpa.LocalContainerEntityManagerFactoryBean [main] Initialized JPA EntityManagerFactory for persistence unit 'default'
2023-10-26 03:21:08.007 [WARN] org.springframework.boot.autoconfigure.orm.jpa.JpaBaseConfiguration$JpaWebConfiguration [main] spring.jpa.open-in-view is enabled by default. Therefore, database queries may be performed during view rendering. Explicitly configure spring.jpa.open-in-view to disable this warning
2023-10-26 03:21:08.180 [INFO] org.springframework.security.web.DefaultSecurityFilterChain [main] Will secure any request with [org.springframework.security.web.session.DisableEncodeUrlFilter@67915454, org.springframework.security.web.context.request.async.WebAsyncManagerIntegrationFilter@18876fa9, org.springframework.security.web.context.SecurityContextHolderFilter@79169472, org.springframework.security.web.header.HeaderWriterFilter@588614f9, org.springframework.web.filter.CorsFilter@5a110e7d, org.springframework.security.web.authentication.logout.LogoutFilter@1b62ad1e, cdw.springtraining.gatekeeper.security.JwtAuthenticationFilter@7bc3c59f, org.springframework.security.web.savedrequest.RequestCacheAwareFilter@628cb8e0, org.springframework.security.web.servletapi.SecurityContextHolderAwareRequestFilter@63d43a5, org.springframework.security.web.authentication.AnonymousAuthenticationFilter@b3cbc0e, org.springframework.security.web.session.SessionManagementFilter@277dddcf, org.springframework.security.web.access.ExceptionTranslationFilter@117be84a, org.springframework.security.web.access.intercept.AuthorizationFilter@5f63a6f2]
2023-10-26 03:21:08.299 [WARN] org.springframework.boot.autoconfigure.mustache.MustacheAutoConfiguration [main] Cannot find template location: classpath:/templates/ (please add some templates, check your Mustache configuration, or set spring.mustache.check-template-location=false)
2023-10-26 03:21:08.367 [INFO] cdw.springtraining.gatekeeper.GatekeeperApplicationTests [main] Started GatekeeperApplicationTests in 2.212 seconds (process running for 2.571)
2023-10-26 03:21:08.700 [INFO] org.springframework.orm.jpa.LocalContainerEntityManagerFactoryBean [SpringApplicationShutdownHook] Closing JPA EntityManagerFactory for persistence unit 'default'
2023-10-26 03:21:08.701 [INFO] com.zaxxer.hikari.HikariDataSource [SpringApplicationShutdownHook] HikariPool-1 - Shutdown initiated...
2023-10-26 03:21:08.705 [INFO] com.zaxxer.hikari.HikariDataSource [SpringApplicationShutdownHook] HikariPool-1 - Shutdown completed.
2023-10-26 03:21:09.179 [INFO] cdw.springtraining.gatekeeper.GatekeeperApplication [main] Starting GatekeeperApplication using Java 20.0.2 with PID 27789 (/Users/maamathikrishnan/Documents/Domain Training/SpringFinal/gatekeeper/target/classes started by maamathikrishnan in /Users/maamathikrishnan/Documents/Domain Training/SpringFinal/gatekeeper)
2023-10-26 03:21:09.180 [INFO] cdw.springtraining.gatekeeper.GatekeeperApplication [main] No active profile set, falling back to 1 default profile: "default"
2023-10-26 03:21:09.458 [INFO] org.springframework.data.repository.config.RepositoryConfigurationDelegate [main] Bootstrapping Spring Data JPA repositories in DEFAULT mode.
2023-10-26 03:21:09.487 [INFO] org.springframework.data.repository.config.RepositoryConfigurationDelegate [main] Finished Spring Data repository scanning in 26 ms. Found 5 JPA repository interfaces.
2023-10-26 03:47:40.135 [INFO] cdw.springtraining.gatekeeper.GatekeeperApplicationTests [main] Starting GatekeeperApplicationTests using Java 20.0.2 with PID 29304 (started by maamathikrishnan in /Users/maamathikrishnan/Documents/Domain Training/SpringFinal/gatekeeper)
2023-10-26 03:47:40.136 [INFO] cdw.springtraining.gatekeeper.GatekeeperApplicationTests [main] No active profile set, falling back to 1 default profile: "default"
2023-10-26 03:47:40.376 [INFO] org.springframework.data.repository.config.RepositoryConfigurationDelegate [main] Bootstrapping Spring Data JPA repositories in DEFAULT mode.
2023-10-26 03:47:40.409 [INFO] org.springframework.data.repository.config.RepositoryConfigurationDelegate [main] Finished Spring Data repository scanning in 30 ms. Found 5 JPA repository interfaces.
2023-10-26 03:47:40.687 [INFO] org.hibernate.jpa.internal.util.LogHelper [main] HHH000204: Processing PersistenceUnitInfo [name: default]
2023-10-26 03:47:40.703 [INFO] org.hibernate.Version [main] HHH000412: Hibernate ORM core version 6.2.9.Final
2023-10-26 03:47:40.704 [INFO] org.hibernate.cfg.Environment [main] HHH000406: Using bytecode reflection optimizer
2023-10-26 03:47:40.754 [INFO] org.hibernate.bytecode.internal.BytecodeProviderInitiator [main] HHH000021: Bytecode provider name : bytebuddy
2023-10-26 03:47:40.802 [INFO] org.springframework.orm.jpa.persistenceunit.SpringPersistenceUnitInfo [main] No LoadTimeWeaver setup: ignoring JPA class transformer
2023-10-26 03:47:40.808 [INFO] com.zaxxer.hikari.HikariDataSource [main] HikariPool-1 - Starting...
2023-10-26 03:47:40.958 [INFO] com.zaxxer.hikari.pool.HikariPool [main] HikariPool-1 - Added connection com.mysql.cj.jdbc.ConnectionImpl@27db45f
2023-10-26 03:47:40.958 [INFO] com.zaxxer.hikari.HikariDataSource [main] HikariPool-1 - Start completed.
2023-10-26 03:47:41.074 [INFO] org.hibernate.bytecode.internal.BytecodeProviderInitiator [main] HHH000021: Bytecode provider name : bytebuddy
2023-10-26 03:47:41.380 [INFO] org.hibernate.engine.transaction.jta.platform.internal.JtaPlatformInitiator [main] HHH000490: Using JtaPlatform implementation: [org.hibernate.engine.transaction.jta.platform.internal.NoJtaPlatform]
2023-10-26 03:47:41.451 [INFO] org.springframework.orm.jpa.LocalContainerEntityManagerFactoryBean [main] Initialized JPA EntityManagerFactory for persistence unit 'default'
2023-10-26 03:47:41.831 [WARN] org.springframework.boot.autoconfigure.orm.jpa.JpaBaseConfiguration$JpaWebConfiguration [main] spring.jpa.open-in-view is enabled by default. Therefore, database queries may be performed during view rendering. Explicitly configure spring.jpa.open-in-view to disable this warning
2023-10-26 03:47:42.024 [INFO] org.springframework.security.web.DefaultSecurityFilterChain [main] Will secure any request with [org.springframework.security.web.session.DisableEncodeUrlFilter@4e797a39, org.springframework.security.web.context.request.async.WebAsyncManagerIntegrationFilter@41d6d6c4, org.springframework.security.web.context.SecurityContextHolderFilter@5643052d, org.springframework.security.web.header.HeaderWriterFilter@5aa461, org.springframework.web.filter.CorsFilter@4349389d, org.springframework.security.web.authentication.logout.LogoutFilter@455cb6d9, cdw.springtraining.gatekeeper.security.JwtAuthenticationFilter@30f99ca1, org.springframework.security.web.savedrequest.RequestCacheAwareFilter@1e9e4468, org.springframework.security.web.servletapi.SecurityContextHolderAwareRequestFilter@78de0f6f, org.springframework.security.web.authentication.AnonymousAuthenticationFilter@147203c2, org.springframework.security.web.session.SessionManagementFilter@2e04c89d, org.springframework.security.web.access.ExceptionTranslationFilter@3816efab, org.springframework.security.web.access.intercept.AuthorizationFilter@2bc52b08]
2023-10-26 03:47:42.147 [WARN] org.springframework.boot.autoconfigure.mustache.MustacheAutoConfiguration [main] Cannot find template location: classpath:/templates/ (please add some templates, check your Mustache configuration, or set spring.mustache.check-template-location=false)
2023-10-26 03:47:42.210 [INFO] cdw.springtraining.gatekeeper.GatekeeperApplicationTests [main] Started GatekeeperApplicationTests in 2.183 seconds (process running for 2.562)
2023-10-26 03:47:42.523 [INFO] org.springframework.orm.jpa.LocalContainerEntityManagerFactoryBean [SpringApplicationShutdownHook] Closing JPA EntityManagerFactory for persistence unit 'default'
2023-10-26 03:47:42.524 [INFO] com.zaxxer.hikari.HikariDataSource [SpringApplicationShutdownHook] HikariPool-1 - Shutdown initiated...
2023-10-26 03:47:42.527 [INFO] com.zaxxer.hikari.HikariDataSource [SpringApplicationShutdownHook] HikariPool-1 - Shutdown completed.
2023-10-26 03:47:42.987 [INFO] cdw.springtraining.gatekeeper.GatekeeperApplication [main] Starting GatekeeperApplication using Java 20.0.2 with PID 29320 (/Users/maamathikrishnan/Documents/Domain Training/SpringFinal/gatekeeper/target/classes started by maamathikrishnan in /Users/maamathikrishnan/Documents/Domain Training/SpringFinal/gatekeeper)
2023-10-26 03:47:42.988 [INFO] cdw.springtraining.gatekeeper.GatekeeperApplication [main] No active profile set, falling back to 1 default profile: "default"
2023-10-26 03:47:43.260 [INFO] org.springframework.data.repository.config.RepositoryConfigurationDelegate [main] Bootstrapping Spring Data JPA repositories in DEFAULT mode.
2023-10-26 03:47:43.290 [INFO] org.springframework.data.repository.config.RepositoryConfigurationDelegate [main] Finished Spring Data repository scanning in 27 ms. Found 5 JPA repository interfaces.
2023-10-26 15:14:53.205 [INFO] cdw.springtraining.gatekeeper.GatekeeperApplicationTests [main] Starting GatekeeperApplicationTests using Java 20.0.2 with PID 36253 (started by maamathikrishnan in /Users/maamathikrishnan/Documents/Domain Training/SpringFinal/gatekeeper)
2023-10-26 15:14:53.207 [INFO] cdw.springtraining.gatekeeper.GatekeeperApplicationTests [main] No active profile set, falling back to 1 default profile: "default"
2023-10-26 15:14:53.450 [INFO] org.springframework.data.repository.config.RepositoryConfigurationDelegate [main] Bootstrapping Spring Data JPA repositories in DEFAULT mode.
2023-10-26 15:14:53.490 [INFO] org.springframework.data.repository.config.RepositoryConfigurationDelegate [main] Finished Spring Data repository scanning in 37 ms. Found 5 JPA repository interfaces.
2023-10-26 15:14:53.740 [INFO] org.hibernate.jpa.internal.util.LogHelper [main] HHH000204: Processing PersistenceUnitInfo [name: default]
2023-10-26 15:14:53.758 [INFO] org.hibernate.Version [main] HHH000412: Hibernate ORM core version 6.2.9.Final
2023-10-26 15:14:53.759 [INFO] org.hibernate.cfg.Environment [main] HHH000406: Using bytecode reflection optimizer
2023-10-26 15:14:53.802 [INFO] org.hibernate.bytecode.internal.BytecodeProviderInitiator [main] HHH000021: Bytecode provider name : bytebuddy
2023-10-26 15:14:53.806 [INFO] org.springframework.orm.jpa.persistenceunit.SpringPersistenceUnitInfo [main] No LoadTimeWeaver setup: ignoring JPA class transformer
2023-10-26 15:14:53.812 [INFO] com.zaxxer.hikari.HikariDataSource [main] HikariPool-1 - Starting...
2023-10-26 15:14:53.972 [INFO] com.zaxxer.hikari.pool.HikariPool [main] HikariPool-1 - Added connection com.mysql.cj.jdbc.ConnectionImpl@63b58ff4
2023-10-26 15:14:53.973 [INFO] com.zaxxer.hikari.HikariDataSource [main] HikariPool-1 - Start completed.
2023-10-26 15:14:54.091 [INFO] org.hibernate.bytecode.internal.BytecodeProviderInitiator [main] HHH000021: Bytecode provider name : bytebuddy
2023-10-26 15:14:54.357 [INFO] org.hibernate.engine.transaction.jta.platform.internal.JtaPlatformInitiator [main] HHH000490: Using JtaPlatform implementation: [org.hibernate.engine.transaction.jta.platform.internal.NoJtaPlatform]
2023-10-26 15:14:54.421 [INFO] org.springframework.orm.jpa.LocalContainerEntityManagerFactoryBean [main] Initialized JPA EntityManagerFactory for persistence unit 'default'
2023-10-26 15:14:54.802 [WARN] org.springframework.boot.autoconfigure.orm.jpa.JpaBaseConfiguration$JpaWebConfiguration [main] spring.jpa.open-in-view is enabled by default. Therefore, database queries may be performed during view rendering. Explicitly configure spring.jpa.open-in-view to disable this warning
2023-10-26 15:14:55.008 [INFO] org.springframework.security.web.DefaultSecurityFilterChain [main] Will secure any request with [org.springframework.security.web.session.DisableEncodeUrlFilter@30a1b9b0, org.springframework.security.web.context.request.async.WebAsyncManagerIntegrationFilter@16908f89, org.springframework.security.web.context.SecurityContextHolderFilter@23b4f0a9, org.springframework.security.web.header.HeaderWriterFilter@588b02a0, org.springframework.web.filter.CorsFilter@5ca8157c, org.springframework.security.web.authentication.logout.LogoutFilter@252459b2, cdw.springtraining.gatekeeper.security.JwtAuthenticationFilter@471b7c9c, org.springframework.security.web.savedrequest.RequestCacheAwareFilter@56f8ab05, org.springframework.security.web.servletapi.SecurityContextHolderAwareRequestFilter@311819e8, org.springframework.security.web.authentication.AnonymousAuthenticationFilter@33cee31a, org.springframework.security.web.session.SessionManagementFilter@76b8b6a6, org.springframework.security.web.access.ExceptionTranslationFilter@48d6248d, org.springframework.security.web.access.intercept.AuthorizationFilter@4e60925d]
2023-10-26 15:14:55.156 [WARN] org.springframework.boot.autoconfigure.mustache.MustacheAutoConfiguration [main] Cannot find template location: classpath:/templates/ (please add some templates, check your Mustache configuration, or set spring.mustache.check-template-location=false)
2023-10-26 15:14:55.226 [INFO] cdw.springtraining.gatekeeper.GatekeeperApplicationTests [main] Started GatekeeperApplicationTests in 2.133 seconds (process running for 3.151)
2023-10-26 15:14:55.528 [INFO] org.springframework.orm.jpa.LocalContainerEntityManagerFactoryBean [SpringApplicationShutdownHook] Closing JPA EntityManagerFactory for persistence unit 'default'
2023-10-26 15:14:55.529 [INFO] com.zaxxer.hikari.HikariDataSource [SpringApplicationShutdownHook] HikariPool-1 - Shutdown initiated...
2023-10-26 15:14:55.533 [INFO] com.zaxxer.hikari.HikariDataSource [SpringApplicationShutdownHook] HikariPool-1 - Shutdown completed.
2023-10-26 15:17:16.367 [INFO] cdw.springtraining.gatekeeper.GatekeeperApplicationTests [main] Starting GatekeeperApplicationTests using Java 20.0.2 with PID 36437 (started by maamathikrishnan in /Users/maamathikrishnan/Documents/Domain Training/SpringFinal/gatekeeper)
2023-10-26 15:17:16.369 [INFO] cdw.springtraining.gatekeeper.GatekeeperApplicationTests [main] No active profile set, falling back to 1 default profile: "default"
2023-10-26 15:17:16.644 [INFO] org.springframework.data.repository.config.RepositoryConfigurationDelegate [main] Bootstrapping Spring Data JPA repositories in DEFAULT mode.
2023-10-26 15:17:16.678 [INFO] org.springframework.data.repository.config.RepositoryConfigurationDelegate [main] Finished Spring Data repository scanning in 31 ms. Found 5 JPA repository interfaces.
2023-10-26 15:17:16.941 [INFO] org.hibernate.jpa.internal.util.LogHelper [main] HHH000204: Processing PersistenceUnitInfo [name: default]
2023-10-26 15:17:16.959 [INFO] org.hibernate.Version [main] HHH000412: Hibernate ORM core version 6.2.9.Final
2023-10-26 15:17:16.960 [INFO] org.hibernate.cfg.Environment [main] HHH000406: Using bytecode reflection optimizer
2023-10-26 15:17:17.004 [INFO] org.hibernate.bytecode.internal.BytecodeProviderInitiator [main] HHH000021: Bytecode provider name : bytebuddy
2023-10-26 15:17:17.007 [INFO] org.springframework.orm.jpa.persistenceunit.SpringPersistenceUnitInfo [main] No LoadTimeWeaver setup: ignoring JPA class transformer
2023-10-26 15:17:17.013 [INFO] com.zaxxer.hikari.HikariDataSource [main] HikariPool-1 - Starting...
2023-10-26 15:17:17.171 [INFO] com.zaxxer.hikari.pool.HikariPool [main] HikariPool-1 - Added connection com.mysql.cj.jdbc.ConnectionImpl@541897c6
2023-10-26 15:17:17.172 [INFO] com.zaxxer.hikari.HikariDataSource [main] HikariPool-1 - Start completed.
2023-10-26 15:17:17.291 [INFO] org.hibernate.bytecode.internal.BytecodeProviderInitiator [main] HHH000021: Bytecode provider name : bytebuddy
2023-10-26 15:17:17.540 [INFO] org.hibernate.engine.transaction.jta.platform.internal.JtaPlatformInitiator [main] HHH000490: Using JtaPlatform implementation: [org.hibernate.engine.transaction.jta.platform.internal.NoJtaPlatform]
2023-10-26 15:17:17.606 [INFO] org.springframework.orm.jpa.LocalContainerEntityManagerFactoryBean [main] Initialized JPA EntityManagerFactory for persistence unit 'default'
2023-10-26 15:17:17.964 [WARN] org.springframework.boot.autoconfigure.orm.jpa.JpaBaseConfiguration$JpaWebConfiguration [main] spring.jpa.open-in-view is enabled by default. Therefore, database queries may be performed during view rendering. Explicitly configure spring.jpa.open-in-view to disable this warning
2023-10-26 15:17:18.158 [INFO] org.springframework.security.web.DefaultSecurityFilterChain [main] Will secure any request with [org.springframework.security.web.session.DisableEncodeUrlFilter@2518245b, org.springframework.security.web.context.request.async.WebAsyncManagerIntegrationFilter@45c8db36, org.springframework.security.web.context.SecurityContextHolderFilter@2ccfd2cb, org.springframework.security.web.header.HeaderWriterFilter@108a7fff, org.springframework.web.filter.CorsFilter@1e4f8430, org.springframework.security.web.authentication.logout.LogoutFilter@5da08e9a, cdw.springtraining.gatekeeper.security.JwtAuthenticationFilter@4f5d587c, org.springframework.security.web.savedrequest.RequestCacheAwareFilter@42014a, org.springframework.security.web.servletapi.SecurityContextHolderAwareRequestFilter@6d1c15cb, org.springframework.security.web.authentication.AnonymousAuthenticationFilter@340ef431, org.springframework.security.web.session.SessionManagementFilter@3c84c32f, org.springframework.security.web.access.ExceptionTranslationFilter@47e02a89, org.springframework.security.web.access.intercept.AuthorizationFilter@52813ba4]
2023-10-26 15:17:18.273 [WARN] org.springframework.boot.autoconfigure.mustache.MustacheAutoConfiguration [main] Cannot find template location: classpath:/templates/ (please add some templates, check your Mustache configuration, or set spring.mustache.check-template-location=false)
2023-10-26 15:17:18.337 [INFO] cdw.springtraining.gatekeeper.GatekeeperApplicationTests [main] Started GatekeeperApplicationTests in 2.087 seconds (process running for 3.068)
2023-10-26 15:17:18.654 [INFO] org.springframework.orm.jpa.LocalContainerEntityManagerFactoryBean [SpringApplicationShutdownHook] Closing JPA EntityManagerFactory for persistence unit 'default'
2023-10-26 15:17:18.655 [INFO] com.zaxxer.hikari.HikariDataSource [SpringApplicationShutdownHook] HikariPool-1 - Shutdown initiated...
2023-10-26 15:17:18.659 [INFO] com.zaxxer.hikari.HikariDataSource [SpringApplicationShutdownHook] HikariPool-1 - Shutdown completed.
2023-10-26 15:21:33.876 [INFO] cdw.springtraining.gatekeeper.GatekeeperApplicationTests [main] Starting GatekeeperApplicationTests using Java 20.0.2 with PID 36549 (started by maamathikrishnan in /Users/maamathikrishnan/Documents/Domain Training/SpringFinal/gatekeeper)
2023-10-26 15:21:33.878 [INFO] cdw.springtraining.gatekeeper.GatekeeperApplicationTests [main] No active profile set, falling back to 1 default profile: "default"
2023-10-26 15:21:34.121 [INFO] org.springframework.data.repository.config.RepositoryConfigurationDelegate [main] Bootstrapping Spring Data JPA repositories in DEFAULT mode.
2023-10-26 15:21:34.162 [INFO] org.springframework.data.repository.config.RepositoryConfigurationDelegate [main] Finished Spring Data repository scanning in 38 ms. Found 5 JPA repository interfaces.
2023-10-26 15:21:34.420 [INFO] org.hibernate.jpa.internal.util.LogHelper [main] HHH000204: Processing PersistenceUnitInfo [name: default]
2023-10-26 15:21:34.437 [INFO] org.hibernate.Version [main] HHH000412: Hibernate ORM core version 6.2.9.Final
2023-10-26 15:21:34.438 [INFO] org.hibernate.cfg.Environment [main] HHH000406: Using bytecode reflection optimizer
2023-10-26 15:21:34.479 [INFO] org.hibernate.bytecode.internal.BytecodeProviderInitiator [main] HHH000021: Bytecode provider name : bytebuddy
2023-10-26 15:21:34.483 [INFO] org.springframework.orm.jpa.persistenceunit.SpringPersistenceUnitInfo [main] No LoadTimeWeaver setup: ignoring JPA class transformer
2023-10-26 15:21:34.489 [INFO] com.zaxxer.hikari.HikariDataSource [main] HikariPool-1 - Starting...
2023-10-26 15:21:34.644 [INFO] com.zaxxer.hikari.pool.HikariPool [main] HikariPool-1 - Added connection com.mysql.cj.jdbc.ConnectionImpl@1da32baf
2023-10-26 15:21:34.645 [INFO] com.zaxxer.hikari.HikariDataSource [main] HikariPool-1 - Start completed.
2023-10-26 15:21:34.765 [INFO] org.hibernate.bytecode.internal.BytecodeProviderInitiator [main] HHH000021: Bytecode provider name : bytebuddy
2023-10-26 15:21:35.018 [INFO] org.hibernate.engine.transaction.jta.platform.internal.JtaPlatformInitiator [main] HHH000490: Using JtaPlatform implementation: [org.hibernate.engine.transaction.jta.platform.internal.NoJtaPlatform]
2023-10-26 15:21:35.082 [INFO] org.springframework.orm.jpa.LocalContainerEntityManagerFactoryBean [main] Initialized JPA EntityManagerFactory for persistence unit 'default'
2023-10-26 15:21:35.453 [WARN] org.springframework.boot.autoconfigure.orm.jpa.JpaBaseConfiguration$JpaWebConfiguration [main] spring.jpa.open-in-view is enabled by default. Therefore, database queries may be performed during view rendering. Explicitly configure spring.jpa.open-in-view to disable this warning
2023-10-26 15:21:35.639 [INFO] org.springframework.security.web.DefaultSecurityFilterChain [main] Will secure any request with [org.springframework.security.web.session.DisableEncodeUrlFilter@78b20c7f, org.springframework.security.web.context.request.async.WebAsyncManagerIntegrationFilter@128579a6, org.springframework.security.web.context.SecurityContextHolderFilter@1f7653ae, org.springframework.security.web.header.HeaderWriterFilter@7f746160, org.springframework.web.filter.CorsFilter@14d5b2ac, org.springframework.security.web.authentication.logout.LogoutFilter@31620971, cdw.springtraining.gatekeeper.security.JwtAuthenticationFilter@77d03738, org.springframework.security.web.savedrequest.RequestCacheAwareFilter@6bd5aa8b, org.springframework.security.web.servletapi.SecurityContextHolderAwareRequestFilter@76b8b6a6, org.springframework.security.web.authentication.AnonymousAuthenticationFilter@272d0dd3, org.springframework.security.web.session.SessionManagementFilter@2c3a2935, org.springframework.security.web.access.ExceptionTranslationFilter@2aa85cc4, org.springframework.security.web.access.intercept.AuthorizationFilter@676c3745]
2023-10-26 15:21:35.762 [WARN] org.springframework.boot.autoconfigure.mustache.MustacheAutoConfiguration [main] Cannot find template location: classpath:/templates/ (please add some templates, check your Mustache configuration, or set spring.mustache.check-template-location=false)
2023-10-26 15:21:35.835 [INFO] cdw.springtraining.gatekeeper.GatekeeperApplicationTests [main] Started GatekeeperApplicationTests in 2.068 seconds (process running for 3.082)
2023-10-26 15:21:36.140 [INFO] org.springframework.orm.jpa.LocalContainerEntityManagerFactoryBean [SpringApplicationShutdownHook] Closing JPA EntityManagerFactory for persistence unit 'default'
2023-10-26 15:21:36.141 [INFO] com.zaxxer.hikari.HikariDataSource [SpringApplicationShutdownHook] HikariPool-1 - Shutdown initiated...
2023-10-26 15:21:36.145 [INFO] com.zaxxer.hikari.HikariDataSource [SpringApplicationShutdownHook] HikariPool-1 - Shutdown completed.
2023-10-26 15:21:50.998 [INFO] cdw.springtraining.gatekeeper.GatekeeperApplicationTests [main] Starting GatekeeperApplicationTests using Java 20.0.2 with PID 36603 (started by maamathikrishnan in /Users/maamathikrishnan/Documents/Domain Training/SpringFinal/gatekeeper)
2023-10-26 15:21:50.999 [INFO] cdw.springtraining.gatekeeper.GatekeeperApplicationTests [main] No active profile set, falling back to 1 default profile: "default"
2023-10-26 15:21:51.238 [INFO] org.springframework.data.repository.config.RepositoryConfigurationDelegate [main] Bootstrapping Spring Data JPA repositories in DEFAULT mode.
2023-10-26 15:21:51.273 [INFO] org.springframework.data.repository.config.RepositoryConfigurationDelegate [main] Finished Spring Data repository scanning in 31 ms. Found 5 JPA repository interfaces.
2023-10-26 15:21:51.543 [INFO] org.hibernate.jpa.internal.util.LogHelper [main] HHH000204: Processing PersistenceUnitInfo [name: default]
2023-10-26 15:21:51.567 [INFO] org.hibernate.Version [main] HHH000412: Hibernate ORM core version 6.2.9.Final
2023-10-26 15:21:51.568 [INFO] org.hibernate.cfg.Environment [main] HHH000406: Using bytecode reflection optimizer
2023-10-26 15:21:51.614 [INFO] org.hibernate.bytecode.internal.BytecodeProviderInitiator [main] HHH000021: Bytecode provider name : bytebuddy
2023-10-26 15:21:51.619 [INFO] org.springframework.orm.jpa.persistenceunit.SpringPersistenceUnitInfo [main] No LoadTimeWeaver setup: ignoring JPA class transformer
2023-10-26 15:21:51.626 [INFO] com.zaxxer.hikari.HikariDataSource [main] HikariPool-1 - Starting...
2023-10-26 15:21:51.788 [INFO] com.zaxxer.hikari.pool.HikariPool [main] HikariPool-1 - Added connection com.mysql.cj.jdbc.ConnectionImpl@efa04b5
2023-10-26 15:21:51.788 [INFO] com.zaxxer.hikari.HikariDataSource [main] HikariPool-1 - Start completed.
2023-10-26 15:21:51.907 [INFO] org.hibernate.bytecode.internal.BytecodeProviderInitiator [main] HHH000021: Bytecode provider name : bytebuddy
2023-10-26 15:21:52.157 [INFO] org.hibernate.engine.transaction.jta.platform.internal.JtaPlatformInitiator [main] HHH000490: Using JtaPlatform implementation: [org.hibernate.engine.transaction.jta.platform.internal.NoJtaPlatform]
2023-10-26 15:21:52.219 [INFO] org.springframework.orm.jpa.LocalContainerEntityManagerFactoryBean [main] Initialized JPA EntityManagerFactory for persistence unit 'default'
2023-10-26 15:21:52.584 [WARN] org.springframework.boot.autoconfigure.orm.jpa.JpaBaseConfiguration$JpaWebConfiguration [main] spring.jpa.open-in-view is enabled by default. Therefore, database queries may be performed during view rendering. Explicitly configure spring.jpa.open-in-view to disable this warning
2023-10-26 15:21:52.793 [INFO] org.springframework.security.web.DefaultSecurityFilterChain [main] Will secure any request with [org.springframework.security.web.session.DisableEncodeUrlFilter@3c0b9643, org.springframework.security.web.context.request.async.WebAsyncManagerIntegrationFilter@746f1505, org.springframework.security.web.context.SecurityContextHolderFilter@63fe055, org.springframework.security.web.header.HeaderWriterFilter@440309c5, org.springframework.web.filter.CorsFilter@1507bc3, org.springframework.security.web.authentication.logout.LogoutFilter@1495f70, cdw.springtraining.gatekeeper.security.JwtAuthenticationFilter@56589f00, org.springframework.security.web.savedrequest.RequestCacheAwareFilter@ab90b8c, org.springframework.security.web.servletapi.SecurityContextHolderAwareRequestFilter@363751f2, org.springframework.security.web.authentication.AnonymousAuthenticationFilter@202ed88d, org.springframework.security.web.session.SessionManagementFilter@3c2d4274, org.springframework.security.web.access.ExceptionTranslationFilter@14501070, org.springframework.security.web.access.intercept.AuthorizationFilter@18dda2e1]
2023-10-26 15:21:52.928 [WARN] org.springframework.boot.autoconfigure.mustache.MustacheAutoConfiguration [main] Cannot find template location: classpath:/templates/ (please add some templates, check your Mustache configuration, or set spring.mustache.check-template-location=false)
2023-10-26 15:21:53.003 [INFO] cdw.springtraining.gatekeeper.GatekeeperApplicationTests [main] Started GatekeeperApplicationTests in 2.116 seconds (process running for 3.078)
2023-10-26 15:21:53.308 [INFO] org.springframework.orm.jpa.LocalContainerEntityManagerFactoryBean [SpringApplicationShutdownHook] Closing JPA EntityManagerFactory for persistence unit 'default'
2023-10-26 15:21:53.309 [INFO] com.zaxxer.hikari.HikariDataSource [SpringApplicationShutdownHook] HikariPool-1 - Shutdown initiated...
2023-10-26 15:21:53.313 [INFO] com.zaxxer.hikari.HikariDataSource [SpringApplicationShutdownHook] HikariPool-1 - Shutdown completed.
2023-10-26 15:36:29.284 [INFO] cdw.springtraining.gatekeeper.GatekeeperApplicationTests [main] Starting GatekeeperApplicationTests using Java 20.0.2 with PID 37162 (started by maamathikrishnan in /Users/maamathikrishnan/Documents/Domain Training/SpringFinal/gatekeeper)
2023-10-26 15:36:29.286 [INFO] cdw.springtraining.gatekeeper.GatekeeperApplicationTests [main] No active profile set, falling back to 1 default profile: "default"
2023-10-26 15:36:29.532 [INFO] org.springframework.data.repository.config.RepositoryConfigurationDelegate [main] Bootstrapping Spring Data JPA repositories in DEFAULT mode.
2023-10-26 15:36:29.569 [INFO] org.springframework.data.repository.config.RepositoryConfigurationDelegate [main] Finished Spring Data repository scanning in 34 ms. Found 5 JPA repository interfaces.
2023-10-26 15:36:29.817 [INFO] org.hibernate.jpa.internal.util.LogHelper [main] HHH000204: Processing PersistenceUnitInfo [name: default]
2023-10-26 15:36:29.834 [INFO] org.hibernate.Version [main] HHH000412: Hibernate ORM core version 6.2.9.Final
2023-10-26 15:36:29.835 [INFO] org.hibernate.cfg.Environment [main] HHH000406: Using bytecode reflection optimizer
2023-10-26 15:36:29.877 [INFO] org.hibernate.bytecode.internal.BytecodeProviderInitiator [main] HHH000021: Bytecode provider name : bytebuddy
2023-10-26 15:36:29.881 [INFO] org.springframework.orm.jpa.persistenceunit.SpringPersistenceUnitInfo [main] No LoadTimeWeaver setup: ignoring JPA class transformer
2023-10-26 15:36:29.886 [INFO] com.zaxxer.hikari.HikariDataSource [main] HikariPool-1 - Starting...
2023-10-26 15:36:30.048 [INFO] com.zaxxer.hikari.pool.HikariPool [main] HikariPool-1 - Added connection com.mysql.cj.jdbc.ConnectionImpl@1826475
2023-10-26 15:36:30.049 [INFO] com.zaxxer.hikari.HikariDataSource [main] HikariPool-1 - Start completed.
2023-10-26 15:36:30.169 [INFO] org.hibernate.bytecode.internal.BytecodeProviderInitiator [main] HHH000021: Bytecode provider name : bytebuddy
2023-10-26 15:36:30.425 [INFO] org.hibernate.engine.transaction.jta.platform.internal.JtaPlatformInitiator [main] HHH000490: Using JtaPlatform implementation: [org.hibernate.engine.transaction.jta.platform.internal.NoJtaPlatform]
2023-10-26 15:36:30.488 [INFO] org.springframework.orm.jpa.LocalContainerEntityManagerFactoryBean [main] Initialized JPA EntityManagerFactory for persistence unit 'default'
2023-10-26 15:36:30.865 [WARN] org.springframework.boot.autoconfigure.orm.jpa.JpaBaseConfiguration$JpaWebConfiguration [main] spring.jpa.open-in-view is enabled by default. Therefore, database queries may be performed during view rendering. Explicitly configure spring.jpa.open-in-view to disable this warning
2023-10-26 15:36:31.066 [INFO] org.springframework.security.web.DefaultSecurityFilterChain [main] Will secure any request with [org.springframework.security.web.session.DisableEncodeUrlFilter@3e1f6318, org.springframework.security.web.context.request.async.WebAsyncManagerIntegrationFilter@23182d4d, org.springframework.security.web.context.SecurityContextHolderFilter@1227ea21, org.springframework.security.web.header.HeaderWriterFilter@3c2d4274, org.springframework.web.filter.CorsFilter@22ca5fe1, org.springframework.security.web.authentication.logout.LogoutFilter@c32908c, cdw.springtraining.gatekeeper.security.JwtAuthenticationFilter@3ed1446c, org.springframework.security.web.savedrequest.RequestCacheAwareFilter@3debeb5e, org.springframework.security.web.servletapi.SecurityContextHolderAwareRequestFilter@11c68269, org.springframework.security.web.authentication.AnonymousAuthenticationFilter@45cd5c56, org.springframework.security.web.session.SessionManagementFilter@1e0bae92, org.springframework.security.web.access.ExceptionTranslationFilter@5e5f5ddf, org.springframework.security.web.access.intercept.AuthorizationFilter@667ce5fa]
2023-10-26 15:36:31.202 [WARN] org.springframework.boot.autoconfigure.mustache.MustacheAutoConfiguration [main] Cannot find template location: classpath:/templates/ (please add some templates, check your Mustache configuration, or set spring.mustache.check-template-location=false)
2023-10-26 15:36:31.264 [INFO] cdw.springtraining.gatekeeper.GatekeeperApplicationTests [main] Started GatekeeperApplicationTests in 2.096 seconds (process running for 3.1)
2023-10-26 15:36:31.578 [INFO] org.springframework.orm.jpa.LocalContainerEntityManagerFactoryBean [SpringApplicationShutdownHook] Closing JPA EntityManagerFactory for persistence unit 'default'
2023-10-26 15:36:31.578 [INFO] com.zaxxer.hikari.HikariDataSource [SpringApplicationShutdownHook] HikariPool-1 - Shutdown initiated...
2023-10-26 15:36:31.582 [INFO] com.zaxxer.hikari.HikariDataSource [SpringApplicationShutdownHook] HikariPool-1 - Shutdown completed.
2023-10-26 16:10:58.745 [INFO] cdw.springtraining.gatekeeper.GatekeeperApplicationTests [main] Starting GatekeeperApplicationTests using Java 20.0.2 with PID 38058 (started by maamathikrishnan in /Users/maamathikrishnan/Documents/Domain Training/SpringFinal/gatekeeper)
2023-10-26 16:10:58.746 [INFO] cdw.springtraining.gatekeeper.GatekeeperApplicationTests [main] No active profile set, falling back to 1 default profile: "default"
2023-10-26 16:10:59.020 [INFO] org.springframework.data.repository.config.RepositoryConfigurationDelegate [main] Bootstrapping Spring Data JPA repositories in DEFAULT mode.
2023-10-26 16:10:59.057 [INFO] org.springframework.data.repository.config.RepositoryConfigurationDelegate [main] Finished Spring Data repository scanning in 34 ms. Found 5 JPA repository interfaces.
2023-10-26 16:10:59.301 [INFO] org.hibernate.jpa.internal.util.LogHelper [main] HHH000204: Processing PersistenceUnitInfo [name: default]
2023-10-26 16:10:59.319 [INFO] org.hibernate.Version [main] HHH000412: Hibernate ORM core version 6.2.9.Final
2023-10-26 16:10:59.319 [INFO] org.hibernate.cfg.Environment [main] HHH000406: Using bytecode reflection optimizer
2023-10-26 16:10:59.362 [INFO] org.hibernate.bytecode.internal.BytecodeProviderInitiator [main] HHH000021: Bytecode provider name : bytebuddy
2023-10-26 16:10:59.366 [INFO] org.springframework.orm.jpa.persistenceunit.SpringPersistenceUnitInfo [main] No LoadTimeWeaver setup: ignoring JPA class transformer
2023-10-26 16:10:59.372 [INFO] com.zaxxer.hikari.HikariDataSource [main] HikariPool-1 - Starting...
2023-10-26 16:10:59.535 [INFO] com.zaxxer.hikari.pool.HikariPool [main] HikariPool-1 - Added connection com.mysql.cj.jdbc.ConnectionImpl@391e5ffa
2023-10-26 16:10:59.536 [INFO] com.zaxxer.hikari.HikariDataSource [main] HikariPool-1 - Start completed.
2023-10-26 16:10:59.652 [INFO] org.hibernate.bytecode.internal.BytecodeProviderInitiator [main] HHH000021: Bytecode provider name : bytebuddy
2023-10-26 16:10:59.922 [INFO] org.hibernate.engine.transaction.jta.platform.internal.JtaPlatformInitiator [main] HHH000490: Using JtaPlatform implementation: [org.hibernate.engine.transaction.jta.platform.internal.NoJtaPlatform]
2023-10-26 16:10:59.979 [INFO] org.springframework.orm.jpa.LocalContainerEntityManagerFactoryBean [main] Initialized JPA EntityManagerFactory for persistence unit 'default'
2023-10-26 16:11:00.365 [WARN] org.springframework.boot.autoconfigure.orm.jpa.JpaBaseConfiguration$JpaWebConfiguration [main] spring.jpa.open-in-view is enabled by default. Therefore, database queries may be performed during view rendering. Explicitly configure spring.jpa.open-in-view to disable this warning
2023-10-26 16:11:00.586 [INFO] org.springframework.security.web.DefaultSecurityFilterChain [main] Will secure any request with [org.springframework.security.web.session.DisableEncodeUrlFilter@71662b15, org.springframework.security.web.context.request.async.WebAsyncManagerIntegrationFilter@52d0a5fe, org.springframework.security.web.context.SecurityContextHolderFilter@3af17313, org.springframework.security.web.header.HeaderWriterFilter@730a140b, org.springframework.web.filter.CorsFilter@6f10082e, org.springframework.security.web.authentication.logout.LogoutFilter@3003d288, cdw.springtraining.gatekeeper.security.JwtAuthenticationFilter@5d51203b, org.springframework.security.web.savedrequest.RequestCacheAwareFilter@30ffc3c0, org.springframework.security.web.servletapi.SecurityContextHolderAwareRequestFilter@23b4f0a9, org.springframework.security.web.authentication.AnonymousAuthenticationFilter@6107b3cb, org.springframework.security.web.session.SessionManagementFilter@1f7653ae, org.springframework.security.web.access.ExceptionTranslationFilter@7f746160, org.springframework.security.web.access.intercept.AuthorizationFilter@432fca40]
2023-10-26 16:11:00.728 [WARN] org.springframework.boot.autoconfigure.mustache.MustacheAutoConfiguration [main] Cannot find template location: classpath:/templates/ (please add some templates, check your Mustache configuration, or set spring.mustache.check-template-location=false)
2023-10-26 16:11:00.799 [INFO] cdw.springtraining.gatekeeper.GatekeeperApplicationTests [main] Started GatekeeperApplicationTests in 2.174 seconds (process running for 3.169)
2023-10-26 16:11:01.104 [INFO] org.springframework.orm.jpa.LocalContainerEntityManagerFactoryBean [SpringApplicationShutdownHook] Closing JPA EntityManagerFactory for persistence unit 'default'
2023-10-26 16:11:01.105 [INFO] com.zaxxer.hikari.HikariDataSource [SpringApplicationShutdownHook] HikariPool-1 - Shutdown initiated...
2023-10-26 16:11:01.108 [INFO] com.zaxxer.hikari.HikariDataSource [SpringApplicationShutdownHook] HikariPool-1 - Shutdown completed.
2023-10-26 16:12:58.555 [INFO] cdw.springtraining.gatekeeper.GatekeeperApplicationTests [main] Starting GatekeeperApplicationTests using Java 20.0.2 with PID 38221 (started by maamathikrishnan in /Users/maamathikrishnan/Documents/Domain Training/SpringFinal/gatekeeper)
2023-10-26 16:12:58.556 [INFO] cdw.springtraining.gatekeeper.GatekeeperApplicationTests [main] No active profile set, falling back to 1 default profile: "default"
2023-10-26 16:12:58.798 [INFO] org.springframework.data.repository.config.RepositoryConfigurationDelegate [main] Bootstrapping Spring Data JPA repositories in DEFAULT mode.
2023-10-26 16:12:58.838 [INFO] org.springframework.data.repository.config.RepositoryConfigurationDelegate [main] Finished Spring Data repository scanning in 37 ms. Found 5 JPA repository interfaces.
2023-10-26 16:12:59.085 [INFO] org.hibernate.jpa.internal.util.LogHelper [main] HHH000204: Processing PersistenceUnitInfo [name: default]
2023-10-26 16:12:59.102 [INFO] org.hibernate.Version [main] HHH000412: Hibernate ORM core version 6.2.9.Final
2023-10-26 16:12:59.103 [INFO] org.hibernate.cfg.Environment [main] HHH000406: Using bytecode reflection optimizer
2023-10-26 16:12:59.146 [INFO] org.hibernate.bytecode.internal.BytecodeProviderInitiator [main] HHH000021: Bytecode provider name : bytebuddy
2023-10-26 16:12:59.150 [INFO] org.springframework.orm.jpa.persistenceunit.SpringPersistenceUnitInfo [main] No LoadTimeWeaver setup: ignoring JPA class transformer
2023-10-26 16:12:59.155 [INFO] com.zaxxer.hikari.HikariDataSource [main] HikariPool-1 - Starting...
2023-10-26 16:12:59.316 [INFO] com.zaxxer.hikari.pool.HikariPool [main] HikariPool-1 - Added connection com.mysql.cj.jdbc.ConnectionImpl@61c145cb
2023-10-26 16:12:59.317 [INFO] com.zaxxer.hikari.HikariDataSource [main] HikariPool-1 - Start completed.
2023-10-26 16:12:59.431 [INFO] org.hibernate.bytecode.internal.BytecodeProviderInitiator [main] HHH000021: Bytecode provider name : bytebuddy
2023-10-26 16:12:59.688 [INFO] org.hibernate.engine.transaction.jta.platform.internal.JtaPlatformInitiator [main] HHH000490: Using JtaPlatform implementation: [org.hibernate.engine.transaction.jta.platform.internal.NoJtaPlatform]
2023-10-26 16:12:59.753 [INFO] org.springframework.orm.jpa.LocalContainerEntityManagerFactoryBean [main] Initialized JPA EntityManagerFactory for persistence unit 'default'
2023-10-26 16:13:00.122 [WARN] org.springframework.boot.autoconfigure.orm.jpa.JpaBaseConfiguration$JpaWebConfiguration [main] spring.jpa.open-in-view is enabled by default. Therefore, database queries may be performed during view rendering. Explicitly configure spring.jpa.open-in-view to disable this warning
2023-10-26 16:13:00.323 [INFO] org.springframework.security.web.DefaultSecurityFilterChain [main] Will secure any request with [org.springframework.security.web.session.DisableEncodeUrlFilter@7793eaca, org.springframework.security.web.context.request.async.WebAsyncManagerIntegrationFilter@785ba20d, org.springframework.security.web.context.SecurityContextHolderFilter@5d267575, org.springframework.security.web.header.HeaderWriterFilter@31620971, org.springframework.web.filter.CorsFilter@7c09037a, org.springframework.security.web.authentication.logout.LogoutFilter@2a742ee4, cdw.springtraining.gatekeeper.security.JwtAuthenticationFilter@12d24c43, org.springframework.security.web.savedrequest.RequestCacheAwareFilter@2be49c8c, org.springframework.security.web.servletapi.SecurityContextHolderAwareRequestFilter@5927473a, org.springframework.security.web.authentication.AnonymousAuthenticationFilter@1a262e93, org.springframework.security.web.session.SessionManagementFilter@593d5f39, org.springframework.security.web.access.ExceptionTranslationFilter@7597ae32, org.springframework.security.web.access.intercept.AuthorizationFilter@16124894]
2023-10-26 16:13:00.461 [WARN] org.springframework.boot.autoconfigure.mustache.MustacheAutoConfiguration [main] Cannot find template location: classpath:/templates/ (please add some templates, check your Mustache configuration, or set spring.mustache.check-template-location=false)
2023-10-26 16:13:00.526 [INFO] cdw.springtraining.gatekeeper.GatekeeperApplicationTests [main] Started GatekeeperApplicationTests in 2.086 seconds (process running for 3.099)
2023-10-26 16:13:00.828 [INFO] org.springframework.orm.jpa.LocalContainerEntityManagerFactoryBean [SpringApplicationShutdownHook] Closing JPA EntityManagerFactory for persistence unit 'default'
2023-10-26 16:13:00.829 [INFO] com.zaxxer.hikari.HikariDataSource [SpringApplicationShutdownHook] HikariPool-1 - Shutdown initiated...
2023-10-26 16:13:00.833 [INFO] com.zaxxer.hikari.HikariDataSource [SpringApplicationShutdownHook] HikariPool-1 - Shutdown completed.
2023-10-26 16:33:24.484 [INFO] cdw.springtraining.gatekeeper.GatekeeperApplicationTests [main] Starting GatekeeperApplicationTests using Java 20.0.2 with PID 38915 (started by maamathikrishnan in /Users/maamathikrishnan/Documents/Domain Training/SpringFinal/gatekeeper)
2023-10-26 16:33:24.486 [INFO] cdw.springtraining.gatekeeper.GatekeeperApplicationTests [main] No active profile set, falling back to 1 default profile: "default"
2023-10-26 16:33:24.773 [INFO] org.springframework.data.repository.config.RepositoryConfigurationDelegate [main] Bootstrapping Spring Data JPA repositories in DEFAULT mode.
2023-10-26 16:33:24.809 [INFO] org.springframework.data.repository.config.RepositoryConfigurationDelegate [main] Finished Spring Data repository scanning in 32 ms. Found 5 JPA repository interfaces.
2023-10-26 16:33:25.089 [INFO] org.hibernate.jpa.internal.util.LogHelper [main] HHH000204: Processing PersistenceUnitInfo [name: default]
2023-10-26 16:33:25.105 [INFO] org.hibernate.Version [main] HHH000412: Hibernate ORM core version 6.2.9.Final
2023-10-26 16:33:25.106 [INFO] org.hibernate.cfg.Environment [main] HHH000406: Using bytecode reflection optimizer
2023-10-26 16:33:25.155 [INFO] org.hibernate.bytecode.internal.BytecodeProviderInitiator [main] HHH000021: Bytecode provider name : bytebuddy
2023-10-26 16:33:25.198 [INFO] org.springframework.orm.jpa.persistenceunit.SpringPersistenceUnitInfo [main] No LoadTimeWeaver setup: ignoring JPA class transformer
2023-10-26 16:33:25.204 [INFO] com.zaxxer.hikari.HikariDataSource [main] HikariPool-1 - Starting...
2023-10-26 16:33:25.366 [INFO] com.zaxxer.hikari.pool.HikariPool [main] HikariPool-1 - Added connection com.mysql.cj.jdbc.ConnectionImpl@4cc7e3ad
2023-10-26 16:33:25.367 [INFO] com.zaxxer.hikari.HikariDataSource [main] HikariPool-1 - Start completed.
2023-10-26 16:33:25.486 [INFO] org.hibernate.bytecode.internal.BytecodeProviderInitiator [main] HHH000021: Bytecode provider name : bytebuddy
2023-10-26 16:33:25.790 [INFO] org.hibernate.engine.transaction.jta.platform.internal.JtaPlatformInitiator [main] HHH000490: Using JtaPlatform implementation: [org.hibernate.engine.transaction.jta.platform.internal.NoJtaPlatform]
2023-10-26 16:33:25.854 [INFO] org.springframework.orm.jpa.LocalContainerEntityManagerFactoryBean [main] Initialized JPA EntityManagerFactory for persistence unit 'default'
2023-10-26 16:33:26.243 [WARN] org.springframework.boot.autoconfigure.orm.jpa.JpaBaseConfiguration$JpaWebConfiguration [main] spring.jpa.open-in-view is enabled by default. Therefore, database queries may be performed during view rendering. Explicitly configure spring.jpa.open-in-view to disable this warning
2023-10-26 16:33:26.439 [INFO] org.springframework.security.web.DefaultSecurityFilterChain [main] Will secure any request with [org.springframework.security.web.session.DisableEncodeUrlFilter@5ab1107d, org.springframework.security.web.context.request.async.WebAsyncManagerIntegrationFilter@671561b9, org.springframework.security.web.context.SecurityContextHolderFilter@1d82d35c, org.springframework.security.web.header.HeaderWriterFilter@65852d05, org.springframework.web.filter.CorsFilter@3aebdb4, org.springframework.security.web.authentication.logout.LogoutFilter@9cdf13e, cdw.springtraining.gatekeeper.security.JwtAuthenticationFilter@5134a7d6, org.springframework.security.web.savedrequest.RequestCacheAwareFilter@5cb64b9c, org.springframework.security.web.servletapi.SecurityContextHolderAwareRequestFilter@6a233d33, org.springframework.security.web.authentication.AnonymousAuthenticationFilter@4fd70118, org.springframework.security.web.session.SessionManagementFilter@20843604, org.springframework.security.web.access.ExceptionTranslationFilter@74cad577, org.springframework.security.web.access.intercept.AuthorizationFilter@64a00fe0]
2023-10-26 16:33:26.571 [WARN] org.springframework.boot.autoconfigure.mustache.MustacheAutoConfiguration [main] Cannot find template location: classpath:/templates/ (please add some templates, check your Mustache configuration, or set spring.mustache.check-template-location=false)
2023-10-26 16:33:26.642 [INFO] cdw.springtraining.gatekeeper.GatekeeperApplicationTests [main] Started GatekeeperApplicationTests in 2.251 seconds (process running for 2.664)
2023-10-26 16:33:26.941 [INFO] org.springframework.orm.jpa.LocalContainerEntityManagerFactoryBean [SpringApplicationShutdownHook] Closing JPA EntityManagerFactory for persistence unit 'default'
2023-10-26 16:33:26.942 [INFO] com.zaxxer.hikari.HikariDataSource [SpringApplicationShutdownHook] HikariPool-1 - Shutdown initiated...
2023-10-26 16:33:26.945 [INFO] com.zaxxer.hikari.HikariDataSource [SpringApplicationShutdownHook] HikariPool-1 - Shutdown completed.
